<?xml version="1.0" encoding="UTF-8"?>
<!-- Generated by org.testng.reporters.JUnitReportReporter -->
<testsuite skipped="0" hostname="LAPTOP-ULDPTUOA" name="com.qa.RestAssured_APIMethods.PutCall_UpdateUser" tests="1" failures="0" timestamp="27 Oct 2020 09:23:43 GMT" time="6.863" errors="0">
  <testcase name="Put_ApiCall" time="6.863" classname="com.qa.RestAssured_APIMethods.PutCall_UpdateUser"/>
</testsuite> <!-- com.qa.RestAssured_APIMethods.PutCall_UpdateUser -->
