<?xml version="1.0" encoding="UTF-8"?>
<!-- Generated by org.testng.reporters.JUnitReportReporter -->
<testsuite skipped="0" hostname="LAPTOP-ULDPTUOA" name="com.qa.RestAssured_APIMethods.CreateUser_withPost" tests="2" failures="0" timestamp="27 Oct 2020 08:15:34 GMT" time="5.339" errors="0">
  <testcase name="CreateUser" time="3.251" classname="com.qa.RestAssured_APIMethods.CreateUser_withPost"/>
  <testcase name="Get_TheUser" time="2.088" classname="com.qa.RestAssured_APIMethods.CreateUser_withPost"/>
</testsuite> <!-- com.qa.RestAssured_APIMethods.CreateUser_withPost -->
