<?xml version="1.0" encoding="UTF-8"?>
<!-- Generated by org.testng.reporters.JUnitReportReporter -->
<testsuite skipped="0" hostname="LAPTOP-ULDPTUOA" name="com.qa.RestAssured_APIMethods.PostCall_CreateUser" tests="1" failures="0" timestamp="27 Oct 2020 09:29:35 GMT" time="3.061" errors="0">
  <testcase name="CreateUser" time="3.061" classname="com.qa.RestAssured_APIMethods.PostCall_CreateUser"/>
</testsuite> <!-- com.qa.RestAssured_APIMethods.PostCall_CreateUser -->
