<?xml version="1.0" encoding="UTF-8"?>
<!-- Generated by org.testng.reporters.JUnitReportReporter -->
<testsuite skipped="0" hostname="LAPTOP-ULDPTUOA" name="com.qa.RestAssured.UserAPI.UserAPI" tests="6" failures="0" timestamp="28 Oct 2020 15:02:24 GMT" time="7.408" errors="0">
  <testcase name="GetUser" time="1.502" classname="com.qa.RestAssured.UserAPI.UserAPI"/>
  <testcase name="Get_TheUserSession" time="1.236" classname="com.qa.RestAssured.UserAPI.UserAPI"/>
  <testcase name="LoggOff_session_User" time="1.164" classname="com.qa.RestAssured.UserAPI.UserAPI"/>
  <testcase name="Get_withList" time="1.186" classname="com.qa.RestAssured.UserAPI.UserAPI"/>
  <testcase name="Delete_User" time="1.163" classname="com.qa.RestAssured.UserAPI.UserAPI"/>
  <testcase name="Put_ApiCall" time="1.157" classname="com.qa.RestAssured.UserAPI.UserAPI"/>
</testsuite> <!-- com.qa.RestAssured.UserAPI.UserAPI -->
