<?xml version="1.0" encoding="UTF-8"?>
<!-- Generated by org.testng.reporters.JUnitReportReporter -->
<testsuite skipped="0" hostname="LAPTOP-ULDPTUOA" name="com.qa.RestAssured_APIMethods.DeleCall_DeleteUser" tests="1" failures="0" timestamp="27 Oct 2020 09:24:35 GMT" time="6.660" errors="0">
  <testcase name="Delete_TheUserSession" time="6.660" classname="com.qa.RestAssured_APIMethods.DeleCall_DeleteUser"/>
</testsuite> <!-- com.qa.RestAssured_APIMethods.DeleCall_DeleteUser -->
