<?xml version="1.0" encoding="UTF-8"?>
<!-- Generated by org.testng.reporters.JUnitReportReporter -->
<testsuite skipped="0" hostname="LAPTOP-ULDPTUOA" name="com.qa.RestAssured.UserAPI.UserAPI" tests="6" failures="0" timestamp="28 Oct 2020 17:44:46 GMT" time="12.378" errors="0">
  <testcase name="GetUser" time="2.700" classname="com.qa.RestAssured.UserAPI.UserAPI"/>
  <testcase name="Get_TheUserSession" time="2.176" classname="com.qa.RestAssured.UserAPI.UserAPI"/>
  <testcase name="LoggOff_session_User" time="1.949" classname="com.qa.RestAssured.UserAPI.UserAPI"/>
  <testcase name="Get_withList" time="1.915" classname="com.qa.RestAssured.UserAPI.UserAPI"/>
  <testcase name="Delete_User" time="1.689" classname="com.qa.RestAssured.UserAPI.UserAPI"/>
  <testcase name="Put_ApiCall" time="1.949" classname="com.qa.RestAssured.UserAPI.UserAPI"/>
</testsuite> <!-- com.qa.RestAssured.UserAPI.UserAPI -->
