<?xml version="1.0" encoding="UTF-8"?>
<!-- Generated by org.testng.reporters.JUnitReportReporter -->
<testsuite skipped="0" hostname="LAPTOP-ULDPTUOA" name="com.qa.RestAssured_APIMethods.CreateUser_PostMethod" tests="1" failures="0" timestamp="27 Oct 2020 09:06:09 GMT" time="3.299" errors="0">
  <testcase name="CreateUser" time="3.299" classname="com.qa.RestAssured_APIMethods.CreateUser_PostMethod"/>
</testsuite> <!-- com.qa.RestAssured_APIMethods.CreateUser_PostMethod -->
