<?xml version="1.0" encoding="UTF-8"?>
<!-- Generated by org.testng.reporters.JUnitReportReporter -->
<testsuite skipped="0" hostname="LAPTOP-ULDPTUOA" name="com.qa.RestAssured_APIMethods.APIHttp_Methods" tests="3" failures="0" timestamp="27 Oct 2020 09:15:40 GMT" time="7.144" errors="0">
  <testcase name="Get_TheUser" time="3.503" classname="com.qa.RestAssured_APIMethods.APIHttp_Methods"/>
  <testcase name="Get_TheUserSession" time="2.393" classname="com.qa.RestAssured_APIMethods.APIHttp_Methods"/>
  <testcase name="LoggOff_session_User" time="1.248" classname="com.qa.RestAssured_APIMethods.APIHttp_Methods"/>
</testsuite> <!-- com.qa.RestAssured_APIMethods.APIHttp_Methods -->
